$ ../../software/build_pbrtv3/pbrt cenital_lights_bvh.pbrt 
pbrt version 3 (built Oct  7 2019 at 11:17:38) [Detected 8 cores]
Copyright (c)1998-2018 Matt Pharr, Greg Humphreys, and Wenzel Jakob.
The source code to pbrt (but *not* the book contents) is covered by the BSD License.
See the file LICENSE.txt for the conditions of the license.
Rendering: [++++++++++++++++++++++++++++++++++++++++++++++++++++++++++++++++++++++++++++++++++++++++++++++++++++++++++++++++++++++++++++++++++++++++++++++++++++++++++++++++++++]  (842.6s)         
Statistics:
  BVH
    Interior nodes                                                   1973
    Leaf nodes                                                       1974
    Primitives per leaf node                          2259 /         1974 (1.14x)
  Integrator
    Path length                                                     1.414 avg [range 0 - 5]
    Zero-radiance paths                         1444915559 /   1779635532 (81.19%)
  Intersections
    Regular ray intersection tests                             1834743104
    Ray-triangle intersection tests              959625615 /   4047426540 (23.71%)
  Memory
    BVH tree                                                       158.69 kB
    Film pixels                                                     19.53 MiB
    Primitives                                                     158.84 kB
    Texture MIP maps                                                 5.33 MiB
    TransformCache                                                 260.00 kB
    Triangle meshes                                                590.75 kB
  Scene
    AreaLights                                                          1
    Lights                                                              4
    Materials created                                                   2
    Shapes created                                                   2259
    Probes per TransformCache lookup                                1.000 avg [range 1 - 1]
    TransformCache hits                               4512 /         4518 (99.87%)
    Triangles per triangle mesh                       2258 /         2257 (1.00x)
  Texture
    EWA lookups                                                1878087272
  Profile
    Integrator::Render()                                            99.99% (   0:14:02.69)
      BDPT subpath connections                                      30.29% (   0:04:15.28)
        Accelerator::Intersect()                                    11.66% (   0:01:38.29)
          Other Shape::Intersect()                                   1.88% (   0:00:15.87)
          Triangle::Intersect()                                      2.55% (   0:00:21.51)
        BSDF::PDF()                                                  2.01% (   0:00:16.95)
        BSDF::f()                                                    2.41% (   0:00:20.34)
        Light::Pdf()                                                 0.19% (   0:00:01.59)
        Light::Sample_*()                                            1.19% (   0:00:10.02)
        Sampler::GetSample[12]D()                                    2.59% (   0:00:21.84)
      BDPT subpath generation                                       62.13% (   0:08:43.61)
        Accelerator::Intersect()                                    22.88% (   0:03:12.85)
          Other Shape::Intersect()                                   3.42% (   0:00:28.86)
          Triangle::Intersect()                                      6.44% (   0:00:54.31)
        BSDF::PDF()                                                  1.91% (   0:00:16.10)
        BSDF::Sample_f()                                             7.85% (   0:01:06.15)
        Camera::GenerateRay[Differential]()                          0.89% (   0:00:07.51)
        Light::Sample_*()                                            1.34% (   0:00:11.26)
        Material::ComputeScatteringFunctions()                      12.97% (   0:01:49.34)
          MIPMap::Lookup() (EWA)                                     9.29% (   0:01:18.28)
        Sampler::GetSample[12]D()                                    6.51% (   0:00:54.88)
      Film::AddSample()                                              0.49% (   0:00:04.14)
      Film::AddSplat()                                               0.73% (   0:00:06.14)
      Film::MergeTile()                                              0.00% (   0:00:00.00)
      Sampler::GetSample[12]D()                                      1.96% (   0:00:16.48)
      Sampler::StartPixelSample()                                    0.00% (   0:00:00.01)
    Scene parsing and creation                                       0.01% (   0:00:00.05)
      Texture loading                                                0.00% (   0:00:00.03)
        MIP map generation                                           0.00% (   0:00:00.00)
  Profile (flattened)
    Accelerator::Intersect()                                        20.24% (   0:02:50.59)
    Sampler::GetSample[12]D()                                       11.06% (   0:01:33.20)
    BDPT subpath connections                                        10.23% (   0:01:26.22)
    MIPMap::Lookup() (EWA)                                           9.29% (   0:01:18.28)
    Triangle::Intersect()                                            9.00% (   0:01:15.82)
    BSDF::Sample_f()                                                 7.85% (   0:01:06.15)
    BDPT subpath generation                                          7.77% (   0:01:05.49)
    Other Shape::Intersect()                                         5.31% (   0:00:44.73)
    Integrator::Render()                                             4.39% (   0:00:37.01)
    BSDF::PDF()                                                      3.92% (   0:00:33.05)
    Material::ComputeScatteringFunctions()                           3.69% (   0:00:31.06)
    Light::Sample_*()                                                2.53% (   0:00:21.28)
    BSDF::f()                                                        2.41% (   0:00:20.34)
    Camera::GenerateRay[Differential]()                              0.89% (   0:00:07.51)
    Film::AddSplat()                                                 0.73% (   0:00:06.14)
    Film::AddSample()                                                0.49% (   0:00:04.14)
    Light::Pdf()                                                     0.19% (   0:00:01.59)
    Scene parsing and creation                                       0.00% (   0:00:00.02)
    Texture loading                                                  0.00% (   0:00:00.02)
    Sampler::StartPixelSample()                                      0.00% (   0:00:00.01)
    MIP map generation                                               0.00% (   0:00:00.00)
    Film::MergeTile()                                                0.00% (   0:00:00.00)