$ ../../software/build_pbrtv3/pbrt cenital_bvh.pbrt
pbrt version 3 (built Oct  7 2019 at 11:17:38) [Detected 8 cores]
Copyright (c)1998-2018 Matt Pharr, Greg Humphreys, and Wenzel Jakob.
The source code to pbrt (but *not* the book contents) is covered by the BSD License.
See the file LICENSE.txt for the conditions of the license.
Rendering: [++++++++++++++++++++++++++++++++++++++++++++++++++++++++++++++++++++++++++++++++++++++++++++++++++++++++++++++++++++++++++++++++++++++++++++++++++++++++++++++++++++]  (682.6s)         
Statistics:
  BVH
    Interior nodes                                                   1967
    Leaf nodes                                                       1968
    Primitives per leaf node                          2258 /         1968 (1.15x)
  Integrator
    Path length                                                     1.033 avg [range 0 - 5]
    Zero-radiance paths                          763870289 /   1208966108 (63.18%)
  Intersections
    Regular ray intersection tests                             1302190066
    Ray-triangle intersection tests              576192815 /   2289375070 (25.17%)
  Memory
    BVH tree                                                       158.30 kB
    Film pixels                                                     19.53 MiB
    Primitives                                                     158.77 kB
    Texture MIP maps                                               133.33 MiB
    TransformCache                                                 260.00 kB
    Triangle meshes                                                590.75 kB
  Scene
    Lights                                                              1
    Materials created                                                   2
    Shapes created                                                   2258
    Probes per TransformCache lookup                                1.000 avg [range 1 - 1]
    TransformCache hits                               4512 /         4516 (99.91%)
    Triangles per triangle mesh                       2258 /         2257 (1.00x)
  Texture
    EWA lookups                                                1288424408
    Trilinear lookups                                          1059042736
  Profile
    Integrator::Render()                                            99.82% (   0:11:22.78)
      BDPT subpath connections                                      32.13% (   0:03:39.75)
        Accelerator::Intersect()                                     4.65% (   0:00:31.80)
          Triangle::Intersect()                                      1.27% (   0:00:08.70)
        BSDF::PDF()                                                  1.03% (   0:00:07.04)
        BSDF::f()                                                    1.18% (   0:00:08.06)
        Light::Pdf()                                                 3.29% (   0:00:22.48)
        Light::Sample_*()                                            9.67% (   0:01:06.13)
          MIPMap::Lookup() (trilinear)                               2.71% (   0:00:18.52)
        MIPMap::Lookup() (trilinear)                                 1.64% (   0:00:11.24)
        Sampler::GetSample[12]D()                                    2.49% (   0:00:17.01)
      BDPT subpath generation                                       59.73% (   0:06:48.58)
        Accelerator::Intersect()                                    12.48% (   0:01:25.39)
          Triangle::Intersect()                                      4.95% (   0:00:33.87)
        BSDF::PDF()                                                  1.50% (   0:00:10.26)
        BSDF::Sample_f()                                             6.08% (   0:00:41.59)
        Camera::GenerateRay[Differential]()                          1.12% (   0:00:07.67)
        Light::Pdf()                                                 1.21% (   0:00:08.26)
        Light::Sample_*()                                            8.15% (   0:00:55.76)
          MIPMap::Lookup() (trilinear)                               2.10% (   0:00:14.37)
        Material::ComputeScatteringFunctions()                      13.04% (   0:01:29.17)
          MIPMap::Lookup() (EWA)                                     9.84% (   0:01:07.32)
        Sampler::GetSample[12]D()                                    7.75% (   0:00:53.04)
      Film::AddSample()                                              0.67% (   0:00:04.60)
      Film::AddSplat()                                               0.06% (   0:00:00.39)
      Sampler::GetSample[12]D()                                      2.50% (   0:00:17.07)
      Sampler::StartPixelSample()                                    0.00% (   0:00:00.00)
    Scene parsing and creation                                       0.18% (   0:00:01.24)
      MIP map generation                                             0.03% (   0:00:00.23)
      MIPMap::Lookup() (trilinear)                                   0.11% (   0:00:00.76)
      Texture loading                                                0.00% (   0:00:00.01)
  Profile (flattened)
    Light::Sample_*()                                               13.01% (   0:01:29.01)
    Sampler::GetSample[12]D()                                       12.74% (   0:01:27.13)
    Accelerator::Intersect()                                        10.91% (   0:01:14.62)
    MIPMap::Lookup() (EWA)                                           9.84% (   0:01:07.32)
    BDPT subpath generation                                          8.39% (   0:00:57.41)
    BDPT subpath connections                                         8.18% (   0:00:55.95)
    MIPMap::Lookup() (trilinear)                                     6.56% (   0:00:44.89)
    Triangle::Intersect()                                            6.22% (   0:00:42.57)
    BSDF::Sample_f()                                                 6.08% (   0:00:41.59)
    Integrator::Render()                                             4.73% (   0:00:32.37)
    Light::Pdf()                                                     4.49% (   0:00:30.74)
    Material::ComputeScatteringFunctions()                           3.19% (   0:00:21.84)
    BSDF::PDF()                                                      2.53% (   0:00:17.31)
    BSDF::f()                                                        1.18% (   0:00:08.06)
    Camera::GenerateRay[Differential]()                              1.12% (   0:00:07.67)
    Film::AddSample()                                                0.67% (   0:00:04.60)
    Film::AddSplat()                                                 0.06% (   0:00:00.39)
    Scene parsing and creation                                       0.03% (   0:00:00.23)
    MIP map generation                                               0.03% (   0:00:00.23)
    Texture loading                                                  0.00% (   0:00:00.01)
    Sampler::StartPixelSample()                                      0.00% (   0:00:00.00)