$ ../../software/build_pbrtv3/pbrt lights_kdtree.pbrt
pbrt version 3 (built Oct  7 2019 at 11:17:38) [Detected 8 cores]
Copyright (c)1998-2018 Matt Pharr, Greg Humphreys, and Wenzel Jakob.
The source code to pbrt (but *not* the book contents) is covered by the BSD License.
See the file LICENSE.txt for the conditions of the license.
Rendering: [++++++++++++++++++++++++++++++++++++++++++++++++++++++++++++++++++++++++++++++++++++++++++++++++++++++++++++++++++++++++++++++++++++++++++++++++++++++++++++++++++++]  (1062.6s)        
Statistics:
  Integrator
    Path length                                                     1.386 avg [range 0 - 5]
    Zero-radiance paths                         1456131953 /   1745684077 (83.41%)
  Intersections
    Regular ray intersection tests                             1799726996
    Ray-triangle intersection tests             1858096504 /  16621118892 (11.18%)
  Memory
    Film pixels                                                     19.53 MiB
    Primitives                                                     158.84 kB
    Texture MIP maps                                                 5.33 MiB
    TransformCache                                                 260.00 kB
    Triangle meshes                                                590.75 kB
  Scene
    AreaLights                                                          1
    Lights                                                              4
    Materials created                                                   2
    Shapes created                                                   2259
    Probes per TransformCache lookup                                1.000 avg [range 1 - 1]
    TransformCache hits                               4512 /         4518 (99.87%)
    Triangles per triangle mesh                       2258 /         2257 (1.00x)
  Texture
    EWA lookups                                                1956492556
  Profile
    Integrator::Render()                                            100.00% (   0:17:42.71)
      BDPT subpath connections                                      32.09% (   0:05:41.02)
        Accelerator::Intersect()                                    17.87% (   0:03:09.94)
          Other Shape::Intersect()                                   1.45% (   0:00:15.42)
          Triangle::Intersect()                                      7.44% (   0:01:19.09)
        BSDF::PDF()                                                  1.38% (   0:00:14.69)
        BSDF::f()                                                    1.71% (   0:00:18.21)
        Light::Pdf()                                                 0.15% (   0:00:01.57)
        Light::Sample_*()                                            0.96% (   0:00:10.16)
        Sampler::GetSample[12]D()                                    2.04% (   0:00:21.73)
      BDPT subpath generation                                       61.78% (   0:10:56.53)
        Accelerator::Intersect()                                    30.13% (   0:05:20.26)
          Other Shape::Intersect()                                   2.81% (   0:00:29.83)
          Triangle::Intersect()                                     13.00% (   0:02:18.16)
        BSDF::PDF()                                                  1.43% (   0:00:15.25)
        BSDF::Sample_f()                                             6.16% (   0:01:05.44)
        Camera::GenerateRay[Differential]()                          0.69% (   0:00:07.29)
        Light::Sample_*()                                            1.10% (   0:00:11.70)
        Material::ComputeScatteringFunctions()                      10.92% (   0:01:56.08)
          MIPMap::Lookup() (EWA)                                     7.93% (   0:01:24.27)
        Sampler::GetSample[12]D()                                    5.11% (   0:00:54.34)
      Film::AddSample()                                              0.39% (   0:00:04.17)
      Film::AddSplat()                                               0.66% (   0:00:06.97)
      Film::MergeTile()                                              0.00% (   0:00:00.00)
      Sampler::GetSample[12]D()                                      1.55% (   0:00:16.45)
      Sampler::StartPixelSample()                                    0.00% (   0:00:00.01)
    Scene parsing and creation                                       0.00% (   0:00:00.04)
      Acceleration structure creation                                0.00% (   0:00:00.00)
      Texture loading                                                0.00% (   0:00:00.02)
        MIP map generation                                           0.00% (   0:00:00.00)
  Profile (flattened)
    Accelerator::Intersect()                                        23.31% (   0:04:07.69)
    Triangle::Intersect()                                           20.44% (   0:03:37.25)
    Sampler::GetSample[12]D()                                        8.71% (   0:01:32.52)
    BDPT subpath connections                                         7.97% (   0:01:24.70)
    MIPMap::Lookup() (EWA)                                           7.93% (   0:01:24.27)
    BDPT subpath generation                                          6.23% (   0:01:06.15)
    BSDF::Sample_f()                                                 6.16% (   0:01:05.44)
    Other Shape::Intersect()                                         4.26% (   0:00:45.26)
    Integrator::Render()                                             3.53% (   0:00:37.51)
    Material::ComputeScatteringFunctions()                           2.99% (   0:00:31.80)
    BSDF::PDF()                                                      2.82% (   0:00:29.94)
    Light::Sample_*()                                                2.06% (   0:00:21.86)
    BSDF::f()                                                        1.71% (   0:00:18.21)
    Camera::GenerateRay[Differential]()                              0.69% (   0:00:07.29)
    Film::AddSplat()                                                 0.66% (   0:00:06.97)
    Film::AddSample()                                                0.39% (   0:00:04.17)
    Light::Pdf()                                                     0.15% (   0:00:01.57)
    Sampler::StartPixelSample()                                      0.00% (   0:00:00.01)
    Scene parsing and creation                                       0.00% (   0:00:00.01)
    Texture loading                                                  0.00% (   0:00:00.01)
    MIP map generation                                               0.00% (   0:00:00.00)
    Film::MergeTile()                                                0.00% (   0:00:00.00)
    Acceleration structure creation                                  0.00% (   0:00:00.00)